00000000: 81 e0 10 04 81 e0 20 04 
00000008: 90 12 00 00 92 2f 00 30 
00000010: 39 f1 20 30 92 2f 00 30 
00000018: 39 f1 20 30 93 2e 00 04 
00000020: 93 1e 00 04 93 fe 00 04 
00000028: 97 0e 00 04 21 f0 00 20 
00000030: 30 f0 00 20 21 f0 00 20 
00000038: 30 f0 00 20 00 00 00 02 
00000040: 34 f0 00 40 00 00 00 03 
00000048: 3c f0 00 40 00 00 00 00 
00000050: 24 f0 00 40 00 00 00 00 
00000058: 24 f0 00 40 
4000f000: 81 e0 18 04 81 e0 28 04 
4000f008: 90 12 00 00 92 2f 00 40 
4000f010: 39 f1 20 40 92 2f 00 40 
4000f018: 39 f1 20 40 92 2f 00 40 
4000f020: 39 f1 20 40 93 2e 00 04 
4000f028: 93 1e 00 04 93 fe 00 04 
4000f030: 97 0e 00 04 21 f0 00 30 
4000f038: 38 f0 00 30 21 f0 00 30 
4000f040: 38 f0 00 30 21 f0 00 30 
4000f048: 38 f0 00 30 00 00 00 02 
4000f050: 34 f0 00 40 00 00 00 03 
4000f058: 3c f0 00 40 00 00 00 04 
4000f060: 44 f0 00 40 00 00 00 00 
4000f068: 24 f0 00 40 00 00 00 00 
4000f070: 24 f0 00 40 00 00 00 00 
4000f078: 24 f0 00 40 
